<?xml version="1.0" encoding="UTF-8" ?>
<testsuite tests="134" failures="0" name="com.thesoftwareguild.mavendvdlibrary.dao.DvdTestSuite" time="2.024" errors="0" skipped="0">
  <properties>
    <property name="java.runtime.name" value="Java(TM) SE Runtime Environment"/>
    <property name="sun.boot.library.path" value="/usr/lib/jvm/java-8-oracle/jre/lib/amd64"/>
    <property name="java.vm.version" value="25.60-b23"/>
    <property name="java.vm.vendor" value="Oracle Corporation"/>
    <property name="maven.multiModuleProjectDirectory" value="/home/apprentice/JavaAugust2015/Labs/MavenDvdLibrary"/>
    <property name="java.vendor.url" value="http://java.oracle.com/"/>
    <property name="path.separator" value=":"/>
    <property name="guice.disable.misplaced.annotation.check" value="true"/>
    <property name="java.vm.name" value="Java HotSpot(TM) 64-Bit Server VM"/>
    <property name="file.encoding.pkg" value="sun.io"/>
    <property name="user.country" value="US"/>
    <property name="sun.java.launcher" value="SUN_STANDARD"/>
    <property name="sun.os.patch.level" value="unknown"/>
    <property name="test" value="com.thesoftwareguild.mavendvdlibrary.dao.DvdTestSuite"/>
    <property name="java.vm.specification.name" value="Java Virtual Machine Specification"/>
    <property name="user.dir" value="/home/apprentice/JavaAugust2015/Labs/MavenDvdLibrary"/>
    <property name="java.runtime.version" value="1.8.0_60-b27"/>
    <property name="java.awt.graphicsenv" value="sun.awt.X11GraphicsEnvironment"/>
    <property name="java.endorsed.dirs" value="/usr/lib/jvm/java-8-oracle/jre/lib/endorsed"/>
    <property name="os.arch" value="amd64"/>
    <property name="java.io.tmpdir" value="/tmp"/>
    <property name="line.separator" value="
"/>
    <property name="java.vm.specification.vendor" value="Oracle Corporation"/>
    <property name="os.name" value="Linux"/>
    <property name="maven.ext.class.path" value="/home/apprentice/netbeans-8.0.2/java/maven-nblib/netbeans-eventspy.jar:/home/apprentice/netbeans-8.0.2/java/maven-nblib/netbeans-cos.jar"/>
    <property name="classworlds.conf" value="/home/apprentice/apache-maven-3.3.3/bin/m2.conf"/>
    <property name="sun.jnu.encoding" value="UTF-8"/>
    <property name="java.library.path" value="/usr/lib/jvm/java-8-oracle/jre/lib/amd64:/usr/lib/jvm/java-8-oracle/jre/lib/i386::/usr/java/packages/lib/amd64:/usr/lib64:/lib64:/lib:/usr/lib"/>
    <property name="java.specification.name" value="Java Platform API Specification"/>
    <property name="java.class.version" value="52.0"/>
    <property name="sun.management.compiler" value="HotSpot 64-Bit Tiered Compilers"/>
    <property name="os.version" value="3.19.0-28-generic"/>
    <property name="user.home" value="/home/apprentice"/>
    <property name="user.timezone" value="America/New_York"/>
    <property name="java.awt.printerjob" value="sun.print.PSPrinterJob"/>
    <property name="java.specification.version" value="1.8"/>
    <property name="file.encoding" value="UTF-8"/>
    <property name="user.name" value="apprentice"/>
    <property name="java.class.path" value="/home/apprentice/apache-maven-3.3.3/boot/plexus-classworlds-2.5.2.jar"/>
    <property name="java.vm.specification.version" value="1.8"/>
    <property name="sun.arch.data.model" value="64"/>
    <property name="java.home" value="/usr/lib/jvm/java-8-oracle/jre"/>
    <property name="sun.java.command" value="org.codehaus.plexus.classworlds.launcher.Launcher -Dtest=com.thesoftwareguild.mavendvdlibrary.dao.DvdTestSuite -Dmaven.ext.class.path=/home/apprentice/netbeans-8.0.2/java/maven-nblib/netbeans-eventspy.jar:/home/apprentice/netbeans-8.0.2/java/maven-nblib/netbeans-cos.jar surefire:test"/>
    <property name="java.specification.vendor" value="Oracle Corporation"/>
    <property name="user.language" value="en"/>
    <property name="awt.toolkit" value="sun.awt.X11.XToolkit"/>
    <property name="java.vm.info" value="mixed mode"/>
    <property name="java.version" value="1.8.0_60"/>
    <property name="java.ext.dirs" value="/usr/lib/jvm/java-8-oracle/jre/lib/ext:/usr/java/packages/lib/ext"/>
    <property name="securerandom.source" value="file:/dev/./urandom"/>
    <property name="sun.boot.class.path" value="/usr/lib/jvm/java-8-oracle/jre/lib/resources.jar:/usr/lib/jvm/java-8-oracle/jre/lib/rt.jar:/usr/lib/jvm/java-8-oracle/jre/lib/sunrsasign.jar:/usr/lib/jvm/java-8-oracle/jre/lib/jsse.jar:/usr/lib/jvm/java-8-oracle/jre/lib/jce.jar:/usr/lib/jvm/java-8-oracle/jre/lib/charsets.jar:/usr/lib/jvm/java-8-oracle/jre/lib/jfr.jar:/usr/lib/jvm/java-8-oracle/jre/classes"/>
    <property name="java.vendor" value="Oracle Corporation"/>
    <property name="maven.home" value="/home/apprentice/apache-maven-3.3.3"/>
    <property name="file.separator" value="/"/>
    <property name="java.vendor.url.bug" value="http://bugreport.sun.com/bugreport/"/>
    <property name="sun.cpu.endian" value="little"/>
    <property name="sun.io.unicode.encoding" value="UnicodeLittle"/>
    <property name="sun.desktop" value="gnome"/>
    <property name="sun.cpu.isalist" value=""/>
  </properties>
  <testcase classname="com.thesoftwareguild.mavendvdlibrary.dao.DvdTestsSena" name="testSearchByStudio" time="0.447"/>
  <testcase classname="com.thesoftwareguild.mavendvdlibrary.dao.DvdTestsSena" name="testSearchByTitle2" time="0.036"/>
  <testcase classname="com.thesoftwareguild.mavendvdlibrary.dao.DvdTestsSena" name="testSearchByTitle3" time="0.033"/>
  <testcase classname="com.thesoftwareguild.mavendvdlibrary.dao.DvdTestsSena" name="testSearchNewerThanYear" time="0.032"/>
  <testcase classname="com.thesoftwareguild.mavendvdlibrary.dao.DvdTestsSena" name="testSearchNewerThanYear2" time="0.033"/>
  <testcase classname="com.thesoftwareguild.mavendvdlibrary.dao.DvdTestsSena" name="testSearchNewerThanYear3" time="0.028"/>
  <testcase classname="com.thesoftwareguild.mavendvdlibrary.dao.DvdTestsSena" name="testGet" time="0.037"/>
  <testcase classname="com.thesoftwareguild.mavendvdlibrary.dao.DvdTestsSena" name="testList2" time="0.026"/>
  <testcase classname="com.thesoftwareguild.mavendvdlibrary.dao.DvdTestsSena" name="testList3" time="0.025"/>
  <testcase classname="com.thesoftwareguild.mavendvdlibrary.dao.DvdTestsSena" name="testList4" time="0.022"/>
  <testcase classname="com.thesoftwareguild.mavendvdlibrary.dao.DvdTestsSena" name="testGet2" time="0.02"/>
  <testcase classname="com.thesoftwareguild.mavendvdlibrary.dao.DvdTestsSena" name="testGet3" time="0.021"/>
  <testcase classname="com.thesoftwareguild.mavendvdlibrary.dao.DvdTestsSena" name="testList" time="0.022"/>
  <testcase classname="com.thesoftwareguild.mavendvdlibrary.dao.DvdTestsSena" name="testSearchByDirector2" time="0.054"/>
  <testcase classname="com.thesoftwareguild.mavendvdlibrary.dao.DvdTestsSena" name="testSearchByDirector3" time="0.021"/>
  <testcase classname="com.thesoftwareguild.mavendvdlibrary.dao.DvdTestsSena" name="testSearchByDirector4" time="0.023"/>
  <testcase classname="com.thesoftwareguild.mavendvdlibrary.dao.DvdTestsSena" name="testSearchByTitle" time="0.018"/>
  <testcase classname="com.thesoftwareguild.mavendvdlibrary.dao.DvdTestsSena" name="testUpdate2" time="0.019"/>
  <testcase classname="com.thesoftwareguild.mavendvdlibrary.dao.DvdTestsSena" name="testUpdate3" time="0.019"/>
  <testcase classname="com.thesoftwareguild.mavendvdlibrary.dao.DvdTestsSena" name="testUpdate4" time="0.017"/>
  <testcase classname="com.thesoftwareguild.mavendvdlibrary.dao.DvdTestsSena" name="testUpdate5" time="0.018"/>
  <testcase classname="com.thesoftwareguild.mavendvdlibrary.dao.DvdTestsSena" name="testUpdate6" time="0.022"/>
  <testcase classname="com.thesoftwareguild.mavendvdlibrary.dao.DvdTestsSena" name="testFindNewestDvd2" time="0.024"/>
  <testcase classname="com.thesoftwareguild.mavendvdlibrary.dao.DvdTestsSena" name="testFindNewestDvd3" time="0.02"/>
  <testcase classname="com.thesoftwareguild.mavendvdlibrary.dao.DvdTestsSena" name="testSearchByDirector" time="0.018"/>
  <testcase classname="com.thesoftwareguild.mavendvdlibrary.dao.DvdTestsSena" name="testFindOldestDvd" time="0.019"/>
  <testcase classname="com.thesoftwareguild.mavendvdlibrary.dao.DvdTestsSena" name="testSearchByMpaaRating2" time="0.03"/>
  <testcase classname="com.thesoftwareguild.mavendvdlibrary.dao.DvdTestsSena" name="testSearchByMpaaRating3" time="0.014"/>
  <testcase classname="com.thesoftwareguild.mavendvdlibrary.dao.DvdTestsSena" name="testGetAverageAge2" time="0.019"/>
  <testcase classname="com.thesoftwareguild.mavendvdlibrary.dao.DvdTestsSena" name="testGetAverageAge3" time="0.015"/>
  <testcase classname="com.thesoftwareguild.mavendvdlibrary.dao.DvdTestsSena" name="testSearchByMpaaRating" time="0.013"/>
  <testcase classname="com.thesoftwareguild.mavendvdlibrary.dao.DvdTestsSena" name="testCreate1" time="0.015"/>
  <testcase classname="com.thesoftwareguild.mavendvdlibrary.dao.DvdTestsSena" name="testCreate2" time="0.013"/>
  <testcase classname="com.thesoftwareguild.mavendvdlibrary.dao.DvdTestsSena" name="testFindOldestDvd2" time="0.017"/>
  <testcase classname="com.thesoftwareguild.mavendvdlibrary.dao.DvdTestsSena" name="testFindOldestDvd3" time="0.017"/>
  <testcase classname="com.thesoftwareguild.mavendvdlibrary.dao.DvdTestsSena" name="testGetAverageNumberOfNotes2" time="0.029"/>
  <testcase classname="com.thesoftwareguild.mavendvdlibrary.dao.DvdTestsSena" name="testGetAverageNumberOfNotes3" time="0.039"/>
  <testcase classname="com.thesoftwareguild.mavendvdlibrary.dao.DvdTestsSena" name="testGetAverageNumberOfNotes4" time="0.014"/>
  <testcase classname="com.thesoftwareguild.mavendvdlibrary.dao.DvdTestsSena" name="testGetAverageNumberOfNotes5" time="0.014"/>
  <testcase classname="com.thesoftwareguild.mavendvdlibrary.dao.DvdTestsSena" name="testDelete2" time="0.011"/>
  <testcase classname="com.thesoftwareguild.mavendvdlibrary.dao.DvdTestsSena" name="testDelete" time="0.01"/>
  <testcase classname="com.thesoftwareguild.mavendvdlibrary.dao.DvdTestsSena" name="testGetAverageNumberOfNotes" time="0.011"/>
  <testcase classname="com.thesoftwareguild.mavendvdlibrary.dao.DvdTestsSena" name="testSearchByStudio2" time="0.014"/>
  <testcase classname="com.thesoftwareguild.mavendvdlibrary.dao.DvdTestsSena" name="testSearchByStudio3" time="0.012"/>
  <testcase classname="com.thesoftwareguild.mavendvdlibrary.dao.DvdTestsSena" name="testSearchByStudio4" time="0.011"/>
  <testcase classname="com.thesoftwareguild.mavendvdlibrary.dao.DvdTestsSena" name="testUpdate" time="0.014"/>
  <testcase classname="com.thesoftwareguild.mavendvdlibrary.dao.DvdTestsSena" name="testFindNewestDvd" time="0.014"/>
  <testcase classname="com.thesoftwareguild.mavendvdlibrary.dao.DvdTestsSena" name="testGetAverageAge" time="0.023"/>
  <testcase classname="com.thesoftwareguild.mavendvdlibrary.dao.DvdLibraryDaoTest" name="testSearchByStudio" time="0.024"/>
  <testcase classname="com.thesoftwareguild.mavendvdlibrary.dao.DvdLibraryDaoTest" name="testSearchNewerThanYear" time="0.025"/>
  <testcase classname="com.thesoftwareguild.mavendvdlibrary.dao.DvdLibraryDaoTest" name="testGet" time="0.019"/>
  <testcase classname="com.thesoftwareguild.mavendvdlibrary.dao.DvdLibraryDaoTest" name="getDvdByIdTest" time="0.018"/>
  <testcase classname="com.thesoftwareguild.mavendvdlibrary.dao.DvdLibraryDaoTest" name="testSearchByTitle" time="0.013"/>
  <testcase classname="com.thesoftwareguild.mavendvdlibrary.dao.DvdLibraryDaoTest" name="testSearchByDirector" time="0.013"/>
  <testcase classname="com.thesoftwareguild.mavendvdlibrary.dao.DvdLibraryDaoTest" name="testFindOldestDvd" time="0.012"/>
  <testcase classname="com.thesoftwareguild.mavendvdlibrary.dao.DvdLibraryDaoTest" name="searchByTitleTest" time="0.012"/>
  <testcase classname="com.thesoftwareguild.mavendvdlibrary.dao.DvdLibraryDaoTest" name="testSearchByMpaaRating" time="0.012"/>
  <testcase classname="com.thesoftwareguild.mavendvdlibrary.dao.DvdLibraryDaoTest" name="listAllDvdsTest" time="0.013"/>
  <testcase classname="com.thesoftwareguild.mavendvdlibrary.dao.DvdLibraryDaoTest" name="createCheckIdTest" time="0.012"/>
  <testcase classname="com.thesoftwareguild.mavendvdlibrary.dao.DvdLibraryDaoTest" name="testGetAverageNumberOfNotes" time="0.013"/>
  <testcase classname="com.thesoftwareguild.mavendvdlibrary.dao.DvdLibraryDaoTest" name="deleteTest" time="0.013"/>
  <testcase classname="com.thesoftwareguild.mavendvdlibrary.dao.DvdLibraryDaoTest" name="testUpdate" time="0.014"/>
  <testcase classname="com.thesoftwareguild.mavendvdlibrary.dao.DvdLibraryDaoTest" name="testFindNewestDvd" time="0.013"/>
  <testcase classname="com.thesoftwareguild.mavendvdlibrary.dao.DvdLibraryDaoTest" name="testGetAverageAge" time="0.013"/>
  <testcase classname="com.thesoftwareguild.mavendvdlibrary.dao.DvdLibraryTestMark" name="testSearchByStudio" time="0.001"/>
  <testcase classname="com.thesoftwareguild.mavendvdlibrary.dao.DvdLibraryTestMark" name="testSearchByTitle2" time="0.001"/>
  <testcase classname="com.thesoftwareguild.mavendvdlibrary.dao.DvdLibraryTestMark" name="testSearchByTitle3" time="0"/>
  <testcase classname="com.thesoftwareguild.mavendvdlibrary.dao.DvdLibraryTestMark" name="testSearchNewerThanYear" time="0"/>
  <testcase classname="com.thesoftwareguild.mavendvdlibrary.dao.DvdLibraryTestMark" name="testSearchNewerThanYear2" time="0.001"/>
  <testcase classname="com.thesoftwareguild.mavendvdlibrary.dao.DvdLibraryTestMark" name="testSearchNewerThanYear3" time="0.001"/>
  <testcase classname="com.thesoftwareguild.mavendvdlibrary.dao.DvdLibraryTestMark" name="testGet" time="0"/>
  <testcase classname="com.thesoftwareguild.mavendvdlibrary.dao.DvdLibraryTestMark" name="testList2" time="0"/>
  <testcase classname="com.thesoftwareguild.mavendvdlibrary.dao.DvdLibraryTestMark" name="testList3" time="0"/>
  <testcase classname="com.thesoftwareguild.mavendvdlibrary.dao.DvdLibraryTestMark" name="testList4" time="0.001"/>
  <testcase classname="com.thesoftwareguild.mavendvdlibrary.dao.DvdLibraryTestMark" name="testGet2" time="0.001"/>
  <testcase classname="com.thesoftwareguild.mavendvdlibrary.dao.DvdLibraryTestMark" name="testGet3" time="0.001"/>
  <testcase classname="com.thesoftwareguild.mavendvdlibrary.dao.DvdLibraryTestMark" name="testList" time="0.004"/>
  <testcase classname="com.thesoftwareguild.mavendvdlibrary.dao.DvdLibraryTestMark" name="testSearchByDirector2" time="0.001"/>
  <testcase classname="com.thesoftwareguild.mavendvdlibrary.dao.DvdLibraryTestMark" name="testSearchByDirector3" time="0.001"/>
  <testcase classname="com.thesoftwareguild.mavendvdlibrary.dao.DvdLibraryTestMark" name="testSearchByDirector4" time="0.002"/>
  <testcase classname="com.thesoftwareguild.mavendvdlibrary.dao.DvdLibraryTestMark" name="testSearchByTitle" time="0.001"/>
  <testcase classname="com.thesoftwareguild.mavendvdlibrary.dao.DvdLibraryTestMark" name="testUpdate2" time="0.001"/>
  <testcase classname="com.thesoftwareguild.mavendvdlibrary.dao.DvdLibraryTestMark" name="testUpdate3" time="0.001"/>
  <testcase classname="com.thesoftwareguild.mavendvdlibrary.dao.DvdLibraryTestMark" name="testUpdate4" time="0.001"/>
  <testcase classname="com.thesoftwareguild.mavendvdlibrary.dao.DvdLibraryTestMark" name="testUpdate5" time="0.003"/>
  <testcase classname="com.thesoftwareguild.mavendvdlibrary.dao.DvdLibraryTestMark" name="testUpdate6" time="0"/>
  <testcase classname="com.thesoftwareguild.mavendvdlibrary.dao.DvdLibraryTestMark" name="testFindNewestDvd2" time="0.001"/>
  <testcase classname="com.thesoftwareguild.mavendvdlibrary.dao.DvdLibraryTestMark" name="testFindNewestDvd3" time="0.002"/>
  <testcase classname="com.thesoftwareguild.mavendvdlibrary.dao.DvdLibraryTestMark" name="testSearchByDirector" time="0.001"/>
  <testcase classname="com.thesoftwareguild.mavendvdlibrary.dao.DvdLibraryTestMark" name="testFindOldestDvd" time="0.001"/>
  <testcase classname="com.thesoftwareguild.mavendvdlibrary.dao.DvdLibraryTestMark" name="testSearchByMpaaRating2" time="0.001"/>
  <testcase classname="com.thesoftwareguild.mavendvdlibrary.dao.DvdLibraryTestMark" name="testSearchByMpaaRating3" time="0"/>
  <testcase classname="com.thesoftwareguild.mavendvdlibrary.dao.DvdLibraryTestMark" name="testGetAverageAge2" time="0.003"/>
  <testcase classname="com.thesoftwareguild.mavendvdlibrary.dao.DvdLibraryTestMark" name="testGetAverageAge3" time="0"/>
  <testcase classname="com.thesoftwareguild.mavendvdlibrary.dao.DvdLibraryTestMark" name="testSearchByMpaaRating" time="0"/>
  <testcase classname="com.thesoftwareguild.mavendvdlibrary.dao.DvdLibraryTestMark" name="testCreate1" time="0"/>
  <testcase classname="com.thesoftwareguild.mavendvdlibrary.dao.DvdLibraryTestMark" name="testCreate3" time="0"/>
  <testcase classname="com.thesoftwareguild.mavendvdlibrary.dao.DvdLibraryTestMark" name="testFindOldestDvd2" time="0"/>
  <testcase classname="com.thesoftwareguild.mavendvdlibrary.dao.DvdLibraryTestMark" name="testFindOldestDvd3" time="0"/>
  <testcase classname="com.thesoftwareguild.mavendvdlibrary.dao.DvdLibraryTestMark" name="testGetAverageNumberOfNotes2" time="0"/>
  <testcase classname="com.thesoftwareguild.mavendvdlibrary.dao.DvdLibraryTestMark" name="testGetAverageNumberOfNotes3" time="0"/>
  <testcase classname="com.thesoftwareguild.mavendvdlibrary.dao.DvdLibraryTestMark" name="testGetAverageNumberOfNotes4" time="0.001"/>
  <testcase classname="com.thesoftwareguild.mavendvdlibrary.dao.DvdLibraryTestMark" name="testGetAverageNumberOfNotes5" time="0"/>
  <testcase classname="com.thesoftwareguild.mavendvdlibrary.dao.DvdLibraryTestMark" name="testDelete2" time="0"/>
  <testcase classname="com.thesoftwareguild.mavendvdlibrary.dao.DvdLibraryTestMark" name="testDelete" time="0"/>
  <testcase classname="com.thesoftwareguild.mavendvdlibrary.dao.DvdLibraryTestMark" name="testGetAverageNumberOfNotes" time="0.001"/>
  <testcase classname="com.thesoftwareguild.mavendvdlibrary.dao.DvdLibraryTestMark" name="testSearchByStudio2" time="0.003"/>
  <testcase classname="com.thesoftwareguild.mavendvdlibrary.dao.DvdLibraryTestMark" name="testSearchByStudio3" time="0"/>
  <testcase classname="com.thesoftwareguild.mavendvdlibrary.dao.DvdLibraryTestMark" name="testSearchByStudio4" time="0.001"/>
  <testcase classname="com.thesoftwareguild.mavendvdlibrary.dao.DvdLibraryTestMark" name="testUpdate" time="0"/>
  <testcase classname="com.thesoftwareguild.mavendvdlibrary.dao.DvdLibraryTestMark" name="testFindNewestDvd" time="0.002"/>
  <testcase classname="com.thesoftwareguild.mavendvdlibrary.dao.DvdLibraryTestMark" name="testGetAverageAge" time="0.001"/>
  <testcase classname="com.thesoftwareguild.mavendvdlibrary.dao.YanDVDLibraryTest" name="findNewest" time="0.015"/>
  <testcase classname="com.thesoftwareguild.mavendvdlibrary.dao.YanDVDLibraryTest" name="findOldest" time="0.012"/>
  <testcase classname="com.thesoftwareguild.mavendvdlibrary.dao.YanDVDLibraryTest" name="inLastNYears" time="0.012"/>
  <testcase classname="com.thesoftwareguild.mavendvdlibrary.dao.YanDVDLibraryTest" name="getAveAge" time="0.012"/>
  <testcase classname="com.thesoftwareguild.mavendvdlibrary.dao.YanDVDLibraryTest" name="listTest" time="0.011"/>
  <testcase classname="com.thesoftwareguild.mavendvdlibrary.dao.YanDVDLibraryTest" name="searchByMPAARating" time="0.008"/>
  <testcase classname="com.thesoftwareguild.mavendvdlibrary.dao.YanDVDLibraryTest" name="aveNotes" time="0.044"/>
  <testcase classname="com.thesoftwareguild.mavendvdlibrary.dao.YanDVDLibraryTest" name="aveNotes2" time="0.011"/>
  <testcase classname="com.thesoftwareguild.mavendvdlibrary.dao.DvdTestsDamien" name="testSearchByStudio" time="0.011"/>
  <testcase classname="com.thesoftwareguild.mavendvdlibrary.dao.DvdTestsDamien" name="testSearchNewerThanYear" time="0.01"/>
  <testcase classname="com.thesoftwareguild.mavendvdlibrary.dao.DvdTestsDamien" name="getDvdByIdTest" time="0.011"/>
  <testcase classname="com.thesoftwareguild.mavendvdlibrary.dao.DvdTestsDamien" name="testSearchByTitle" time="0.012"/>
  <testcase classname="com.thesoftwareguild.mavendvdlibrary.dao.DvdTestsDamien" name="testSearchByDirector" time="0.014"/>
  <testcase classname="com.thesoftwareguild.mavendvdlibrary.dao.DvdTestsDamien" name="testFindOldestDvd" time="0.014"/>
  <testcase classname="com.thesoftwareguild.mavendvdlibrary.dao.DvdTestsDamien" name="searchByTitleTest" time="0.013"/>
  <testcase classname="com.thesoftwareguild.mavendvdlibrary.dao.DvdTestsDamien" name="testSearchByMpaaRating" time="0.027"/>
  <testcase classname="com.thesoftwareguild.mavendvdlibrary.dao.DvdTestsDamien" name="listAllDvdsTest" time="0.014"/>
  <testcase classname="com.thesoftwareguild.mavendvdlibrary.dao.DvdTestsDamien" name="testGetAverageNumberOfNotes" time="0.01"/>
  <testcase classname="com.thesoftwareguild.mavendvdlibrary.dao.DvdTestsDamien" name="deleteTest" time="0.009"/>
  <testcase classname="com.thesoftwareguild.mavendvdlibrary.dao.DvdTestsDamien" name="testUpdate" time="0.009"/>
  <testcase classname="com.thesoftwareguild.mavendvdlibrary.dao.DvdTestsDamien" name="testFindNewestDvd" time="0.01"/>
  <testcase classname="com.thesoftwareguild.mavendvdlibrary.dao.DvdTestsDamien" name="testGetAverageAge" time="0.013"/>
</testsuite>